[1008/152118.670:ERROR:gpu_init.cc(426)] Passthrough is not supported, GL is disabled
[1008/170345.194:WARNING:spdy_session.cc(3431)] Received HEADERS for invalid stream 7
[1008/170356.208:WARNING:used_ids.h(55)] Duplicate id found. Reassigning from 104 to 127
[1008/170356.208:WARNING:used_ids.h(55)] Duplicate id found. Reassigning from 102 to 125
[1008/170356.208:WARNING:used_ids.h(55)] Duplicate id found. Reassigning from 104 to 124
[1008/170356.208:WARNING:used_ids.h(55)] Duplicate id found. Reassigning from 106 to 123
[1008/170356.208:WARNING:used_ids.h(55)] Duplicate id found. Reassigning from 110 to 122
[1008/170356.208:WARNING:used_ids.h(55)] Duplicate id found. Reassigning from 103 to 121
[1008/170356.209:WARNING:used_ids.h(55)] Duplicate id found. Reassigning from 105 to 120
[1008/170356.209:WARNING:used_ids.h(55)] Duplicate id found. Reassigning from 111 to 119
[1008/170436.452:WARNING:used_ids.h(55)] Duplicate id found. Reassigning from 104 to 127
[1008/170436.452:WARNING:used_ids.h(55)] Duplicate id found. Reassigning from 102 to 125
[1008/170436.452:WARNING:used_ids.h(55)] Duplicate id found. Reassigning from 104 to 124
[1008/170436.452:WARNING:used_ids.h(55)] Duplicate id found. Reassigning from 106 to 123
[1008/170436.452:WARNING:used_ids.h(55)] Duplicate id found. Reassigning from 110 to 122
[1008/170436.452:WARNING:used_ids.h(55)] Duplicate id found. Reassigning from 103 to 121
[1008/170436.452:WARNING:used_ids.h(55)] Duplicate id found. Reassigning from 105 to 120
[1008/170436.452:WARNING:used_ids.h(55)] Duplicate id found. Reassigning from 111 to 119
[1008/170436.513:WARNING:stun_port.cc(450)] Port[874bd600:0:1:0:local:Net[any:0:0:0:x:x:x:x:x/0:Wildcard:id=0]]: StunPort: stun host lookup received error 0
[1008/170436.537:WARNING:turn_port.cc(826)] Port[88484b00:0:1:0:relay:Net[any:0:0:0:x:x:x:x:x/0:Wildcard:id=0]]: TURN host lookup received error 0
[1008/170436.537:WARNING:turn_port.cc(826)] Port[88485280:0:1:0:relay:Net[any:0:0:0:x:x:x:x:x/0:Wildcard:id=0]]: TURN host lookup received error 0
[1008/170436.538:WARNING:turn_port.cc(471)] Socket is bound to the address:127.0.0.x, rather than an address associated with network:Net[any:0.0.0.x/0:Wildcard:id=0]. Still allowing it since it's localhost.
[1008/170436.685:ERROR:stun_port.cc(76)] Binding error response: class=4 number=1 reason=Unauthorized
[1008/170438.064:WARNING:used_ids.h(55)] Duplicate id found. Reassigning from 104 to 127
[1008/170438.064:WARNING:used_ids.h(55)] Duplicate id found. Reassigning from 102 to 125
[1008/170438.064:WARNING:used_ids.h(55)] Duplicate id found. Reassigning from 104 to 124
[1008/170438.064:WARNING:used_ids.h(55)] Duplicate id found. Reassigning from 106 to 123
[1008/170438.064:WARNING:used_ids.h(55)] Duplicate id found. Reassigning from 110 to 122
[1008/170438.064:WARNING:used_ids.h(55)] Duplicate id found. Reassigning from 103 to 121
[1008/170438.064:WARNING:used_ids.h(55)] Duplicate id found. Reassigning from 105 to 120
[1008/170438.064:WARNING:used_ids.h(55)] Duplicate id found. Reassigning from 111 to 119
[1008/170439.166:WARNING:turn_port.cc(826)] Port[88488e80:0:1:0:relay:Net[any:0:0:0:x:x:x:x:x/0:Wildcard:id=0]]: TURN host lookup received error 0
[1008/170439.167:WARNING:turn_port.cc(826)] Port[88489600:0:1:0:relay:Net[any:0:0:0:x:x:x:x:x/0:Wildcard:id=0]]: TURN host lookup received error 0
[1008/170439.167:WARNING:stun_port.cc(450)] Port[874c0200:0:1:0:local:Net[any:0:0:0:x:x:x:x:x/0:Wildcard:id=0]]: StunPort: stun host lookup received error 0
[1008/170439.168:WARNING:turn_port.cc(471)] Socket is bound to the address:127.0.0.x, rather than an address associated with network:Net[any:0.0.0.x/0:Wildcard:id=0]. Still allowing it since it's localhost.
[1008/170439.330:ERROR:stun_port.cc(76)] Binding error response: class=4 number=1 reason=Unauthorized
[1008/170456.974:WARNING:used_ids.h(55)] Duplicate id found. Reassigning from 104 to 127
[1008/170456.974:WARNING:used_ids.h(55)] Duplicate id found. Reassigning from 102 to 125
[1008/170456.974:WARNING:used_ids.h(55)] Duplicate id found. Reassigning from 104 to 124
[1008/170456.974:WARNING:used_ids.h(55)] Duplicate id found. Reassigning from 106 to 123
[1008/170456.974:WARNING:used_ids.h(55)] Duplicate id found. Reassigning from 110 to 122
[1008/170456.974:WARNING:used_ids.h(55)] Duplicate id found. Reassigning from 103 to 121
[1008/170456.974:WARNING:used_ids.h(55)] Duplicate id found. Reassigning from 105 to 120
[1008/170456.974:WARNING:used_ids.h(55)] Duplicate id found. Reassigning from 111 to 119
[1008/170457.013:WARNING:stun_port.cc(450)] Port[874bdb80:0:1:0:local:Net[any:0:0:0:x:x:x:x:x/0:Wildcard:id=0]]: StunPort: stun host lookup received error 0
[1008/170457.063:WARNING:turn_port.cc(826)] Port[88485280:0:1:0:relay:Net[any:0:0:0:x:x:x:x:x/0:Wildcard:id=0]]: TURN host lookup received error 0
[1008/170457.063:WARNING:turn_port.cc(826)] Port[8848a500:0:1:0:relay:Net[any:0:0:0:x:x:x:x:x/0:Wildcard:id=0]]: TURN host lookup received error 0
[1008/170457.064:WARNING:turn_port.cc(471)] Socket is bound to the address:127.0.0.x, rather than an address associated with network:Net[any:0.0.0.x/0:Wildcard:id=0]. Still allowing it since it's localhost.
[1008/170457.180:ERROR:stun_port.cc(76)] Binding error response: class=4 number=1 reason=Unauthorized
[1008/170458.828:WARNING:used_ids.h(55)] Duplicate id found. Reassigning from 104 to 127
[1008/170458.828:WARNING:used_ids.h(55)] Duplicate id found. Reassigning from 102 to 125
[1008/170458.828:WARNING:used_ids.h(55)] Duplicate id found. Reassigning from 104 to 124
[1008/170458.828:WARNING:used_ids.h(55)] Duplicate id found. Reassigning from 106 to 123
[1008/170458.828:WARNING:used_ids.h(55)] Duplicate id found. Reassigning from 110 to 122
[1008/170458.828:WARNING:used_ids.h(55)] Duplicate id found. Reassigning from 103 to 121
[1008/170458.828:WARNING:used_ids.h(55)] Duplicate id found. Reassigning from 105 to 120
[1008/170458.828:WARNING:used_ids.h(55)] Duplicate id found. Reassigning from 111 to 119
[1008/170459.009:WARNING:stun_port.cc(450)] Port[874be100:0:1:0:local:Net[any:0:0:0:x:x:x:x:x/0:Wildcard:id=0]]: StunPort: stun host lookup received error 0
[1008/170459.046:WARNING:turn_port.cc(826)] Port[88481680:0:1:0:relay:Net[any:0:0:0:x:x:x:x:x/0:Wildcard:id=0]]: TURN host lookup received error 0
[1008/170459.046:WARNING:turn_port.cc(826)] Port[88486900:0:1:0:relay:Net[any:0:0:0:x:x:x:x:x/0:Wildcard:id=0]]: TURN host lookup received error 0
[1008/170459.047:WARNING:turn_port.cc(471)] Socket is bound to the address:127.0.0.x, rather than an address associated with network:Net[any:0.0.0.x/0:Wildcard:id=0]. Still allowing it since it's localhost.
[1008/170459.173:ERROR:stun_port.cc(76)] Binding error response: class=4 number=1 reason=Unauthorized
[1008/170519.273:WARNING:spdy_session.cc(3431)] Received HEADERS for invalid stream 13
[1008/170552.931:WARNING:used_ids.h(55)] Duplicate id found. Reassigning from 104 to 127
[1008/170552.932:WARNING:used_ids.h(55)] Duplicate id found. Reassigning from 102 to 125
[1008/170552.932:WARNING:used_ids.h(55)] Duplicate id found. Reassigning from 104 to 124
[1008/170552.932:WARNING:used_ids.h(55)] Duplicate id found. Reassigning from 106 to 123
[1008/170552.932:WARNING:used_ids.h(55)] Duplicate id found. Reassigning from 110 to 122
[1008/170552.932:WARNING:used_ids.h(55)] Duplicate id found. Reassigning from 103 to 121
[1008/170552.932:WARNING:used_ids.h(55)] Duplicate id found. Reassigning from 105 to 120
[1008/170552.932:WARNING:used_ids.h(55)] Duplicate id found. Reassigning from 111 to 119
[1008/170553.023:WARNING:stun_port.cc(450)] Port[28bf700:0:1:0:local:Net[any:0:0:0:x:x:x:x:x/0:Wildcard:id=0]]: StunPort: stun host lookup received error 0
[1008/170553.023:WARNING:turn_port.cc(826)] Port[39efc00:0:1:0:relay:Net[any:0:0:0:x:x:x:x:x/0:Wildcard:id=0]]: TURN host lookup received error 0
[1008/170553.023:WARNING:turn_port.cc(826)] Port[39f0380:0:1:0:relay:Net[any:0:0:0:x:x:x:x:x/0:Wildcard:id=0]]: TURN host lookup received error 0
[1008/170553.024:WARNING:turn_port.cc(471)] Socket is bound to the address:127.0.0.x, rather than an address associated with network:Net[any:0.0.0.x/0:Wildcard:id=0]. Still allowing it since it's localhost.
[1008/170553.185:ERROR:stun_port.cc(76)] Binding error response: class=4 number=1 reason=Unauthorized
[1008/170554.410:WARNING:used_ids.h(55)] Duplicate id found. Reassigning from 104 to 127
[1008/170554.410:WARNING:used_ids.h(55)] Duplicate id found. Reassigning from 102 to 125
[1008/170554.410:WARNING:used_ids.h(55)] Duplicate id found. Reassigning from 104 to 124
[1008/170554.410:WARNING:used_ids.h(55)] Duplicate id found. Reassigning from 106 to 123
[1008/170554.410:WARNING:used_ids.h(55)] Duplicate id found. Reassigning from 110 to 122
[1008/170554.410:WARNING:used_ids.h(55)] Duplicate id found. Reassigning from 103 to 121
[1008/170554.410:WARNING:used_ids.h(55)] Duplicate id found. Reassigning from 105 to 120
[1008/170554.410:WARNING:used_ids.h(55)] Duplicate id found. Reassigning from 111 to 119
[1008/170555.376:WARNING:turn_port.cc(826)] Port[39f1a00:0:1:0:relay:Net[any:0:0:0:x:x:x:x:x/0:Wildcard:id=0]]: TURN host lookup received error 0
[1008/170555.376:WARNING:turn_port.cc(826)] Port[39f4700:0:1:0:relay:Net[any:0:0:0:x:x:x:x:x/0:Wildcard:id=0]]: TURN host lookup received error 0
[1008/170555.376:WARNING:stun_port.cc(450)] Port[28bec00:0:1:0:local:Net[any:0:0:0:x:x:x:x:x/0:Wildcard:id=0]]: StunPort: stun host lookup received error 0
[1008/170555.377:WARNING:turn_port.cc(471)] Socket is bound to the address:127.0.0.x, rather than an address associated with network:Net[any:0.0.0.x/0:Wildcard:id=0]. Still allowing it since it's localhost.
[1008/170555.546:ERROR:stun_port.cc(76)] Binding error response: class=4 number=1 reason=Unauthorized
[1008/171034.657:WARNING:used_ids.h(55)] Duplicate id found. Reassigning from 104 to 127
[1008/171034.657:WARNING:used_ids.h(55)] Duplicate id found. Reassigning from 102 to 125
[1008/171034.657:WARNING:used_ids.h(55)] Duplicate id found. Reassigning from 104 to 124
[1008/171034.657:WARNING:used_ids.h(55)] Duplicate id found. Reassigning from 106 to 123
[1008/171034.657:WARNING:used_ids.h(55)] Duplicate id found. Reassigning from 110 to 122
[1008/171034.657:WARNING:used_ids.h(55)] Duplicate id found. Reassigning from 103 to 121
[1008/171034.658:WARNING:used_ids.h(55)] Duplicate id found. Reassigning from 105 to 120
[1008/171034.658:WARNING:used_ids.h(55)] Duplicate id found. Reassigning from 111 to 119
[1008/171034.764:WARNING:stun_port.cc(450)] Port[8bca9b80:0:1:0:local:Net[any:0:0:0:x:x:x:x:x/0:Wildcard:id=0]]: StunPort: stun host lookup received error 0
[1008/171034.764:WARNING:turn_port.cc(826)] Port[8bc9e180:0:1:0:relay:Net[any:0:0:0:x:x:x:x:x/0:Wildcard:id=0]]: TURN host lookup received error 0
[1008/171034.764:WARNING:turn_port.cc(826)] Port[8bc9e900:0:1:0:relay:Net[any:0:0:0:x:x:x:x:x/0:Wildcard:id=0]]: TURN host lookup received error 0
[1008/171034.765:WARNING:turn_port.cc(471)] Socket is bound to the address:127.0.0.x, rather than an address associated with network:Net[any:0.0.0.x/0:Wildcard:id=0]. Still allowing it since it's localhost.
[1008/171034.936:ERROR:stun_port.cc(76)] Binding error response: class=4 number=1 reason=Unauthorized
[1008/171036.708:WARNING:used_ids.h(55)] Duplicate id found. Reassigning from 104 to 127
[1008/171036.708:WARNING:used_ids.h(55)] Duplicate id found. Reassigning from 102 to 125
[1008/171036.708:WARNING:used_ids.h(55)] Duplicate id found. Reassigning from 104 to 124
[1008/171036.708:WARNING:used_ids.h(55)] Duplicate id found. Reassigning from 106 to 123
[1008/171036.708:WARNING:used_ids.h(55)] Duplicate id found. Reassigning from 110 to 122
[1008/171036.708:WARNING:used_ids.h(55)] Duplicate id found. Reassigning from 103 to 121
[1008/171036.708:WARNING:used_ids.h(55)] Duplicate id found. Reassigning from 105 to 120
[1008/171036.708:WARNING:used_ids.h(55)] Duplicate id found. Reassigning from 111 to 119
[1008/171037.465:WARNING:turn_port.cc(826)] Port[8bc9ff80:0:1:0:relay:Net[any:0:0:0:x:x:x:x:x/0:Wildcard:id=0]]: TURN host lookup received error 0
[1008/171037.465:WARNING:turn_port.cc(826)] Port[8bca0700:0:1:0:relay:Net[any:0:0:0:x:x:x:x:x/0:Wildcard:id=0]]: TURN host lookup received error 0
[1008/171037.465:WARNING:stun_port.cc(450)] Port[8bcab180:0:1:0:local:Net[any:0:0:0:x:x:x:x:x/0:Wildcard:id=0]]: StunPort: stun host lookup received error 0
[1008/171037.465:WARNING:turn_port.cc(471)] Socket is bound to the address:127.0.0.x, rather than an address associated with network:Net[any:0.0.0.x/0:Wildcard:id=0]. Still allowing it since it's localhost.
[1008/171037.624:ERROR:stun_port.cc(76)] Binding error response: class=4 number=1 reason=Unauthorized
[1008/171205.282:WARNING:used_ids.h(55)] Duplicate id found. Reassigning from 104 to 127
[1008/171205.282:WARNING:used_ids.h(55)] Duplicate id found. Reassigning from 102 to 125
[1008/171205.282:WARNING:used_ids.h(55)] Duplicate id found. Reassigning from 104 to 124
[1008/171205.282:WARNING:used_ids.h(55)] Duplicate id found. Reassigning from 106 to 123
[1008/171205.282:WARNING:used_ids.h(55)] Duplicate id found. Reassigning from 110 to 122
[1008/171205.282:WARNING:used_ids.h(55)] Duplicate id found. Reassigning from 103 to 121
[1008/171205.282:WARNING:used_ids.h(55)] Duplicate id found. Reassigning from 105 to 120
[1008/171205.282:WARNING:used_ids.h(55)] Duplicate id found. Reassigning from 111 to 119
[1008/171205.383:WARNING:stun_port.cc(450)] Port[b3681600:0:1:0:local:Net[any:0:0:0:x:x:x:x:x/0:Wildcard:id=0]]: StunPort: stun host lookup received error 0
[1008/171205.384:WARNING:turn_port.cc(826)] Port[b3f38780:0:1:0:relay:Net[any:0:0:0:x:x:x:x:x/0:Wildcard:id=0]]: TURN host lookup received error 0
[1008/171205.384:WARNING:turn_port.cc(826)] Port[b3f3bc00:0:1:0:relay:Net[any:0:0:0:x:x:x:x:x/0:Wildcard:id=0]]: TURN host lookup received error 0
[1008/171205.384:WARNING:turn_port.cc(471)] Socket is bound to the address:127.0.0.x, rather than an address associated with network:Net[any:0.0.0.x/0:Wildcard:id=0]. Still allowing it since it's localhost.
[1008/171205.551:ERROR:stun_port.cc(76)] Binding error response: class=4 number=1 reason=Unauthorized
[1008/171206.388:WARNING:used_ids.h(55)] Duplicate id found. Reassigning from 104 to 127
[1008/171206.388:WARNING:used_ids.h(55)] Duplicate id found. Reassigning from 102 to 125
[1008/171206.388:WARNING:used_ids.h(55)] Duplicate id found. Reassigning from 104 to 124
[1008/171206.388:WARNING:used_ids.h(55)] Duplicate id found. Reassigning from 106 to 123
[1008/171206.388:WARNING:used_ids.h(55)] Duplicate id found. Reassigning from 110 to 122
[1008/171206.388:WARNING:used_ids.h(55)] Duplicate id found. Reassigning from 103 to 121
[1008/171206.388:WARNING:used_ids.h(55)] Duplicate id found. Reassigning from 105 to 120
[1008/171206.388:WARNING:used_ids.h(55)] Duplicate id found. Reassigning from 111 to 119
[1008/171207.162:WARNING:turn_port.cc(826)] Port[b3f3e180:0:1:0:relay:Net[any:0:0:0:x:x:x:x:x/0:Wildcard:id=0]]: TURN host lookup received error 0
[1008/171207.162:WARNING:turn_port.cc(826)] Port[b3f3e900:0:1:0:relay:Net[any:0:0:0:x:x:x:x:x/0:Wildcard:id=0]]: TURN host lookup received error 0
[1008/171207.163:WARNING:turn_port.cc(471)] Socket is bound to the address:127.0.0.x, rather than an address associated with network:Net[any:0.0.0.x/0:Wildcard:id=0]. Still allowing it since it's localhost.
[1008/171207.172:WARNING:stun_port.cc(450)] Port[b3683180:0:1:0:local:Net[any:0:0:0:x:x:x:x:x/0:Wildcard:id=0]]: StunPort: stun host lookup received error 0
[1008/171207.332:ERROR:stun_port.cc(76)] Binding error response: class=4 number=1 reason=Unauthorized
[1008/171212.238:WARNING:used_ids.h(55)] Duplicate id found. Reassigning from 104 to 127
[1008/171212.238:WARNING:used_ids.h(55)] Duplicate id found. Reassigning from 102 to 125
[1008/171212.238:WARNING:used_ids.h(55)] Duplicate id found. Reassigning from 104 to 124
[1008/171212.238:WARNING:used_ids.h(55)] Duplicate id found. Reassigning from 106 to 123
[1008/171212.238:WARNING:used_ids.h(55)] Duplicate id found. Reassigning from 110 to 122
[1008/171212.238:WARNING:used_ids.h(55)] Duplicate id found. Reassigning from 103 to 121
[1008/171212.238:WARNING:used_ids.h(55)] Duplicate id found. Reassigning from 105 to 120
[1008/171212.238:WARNING:used_ids.h(55)] Duplicate id found. Reassigning from 111 to 119
[1008/171212.264:WARNING:stun_port.cc(450)] Port[b3683180:0:1:0:local:Net[any:0:0:0:x:x:x:x:x/0:Wildcard:id=0]]: StunPort: stun host lookup received error 0
[1008/171212.316:WARNING:turn_port.cc(826)] Port[b3f40700:0:1:0:relay:Net[any:0:0:0:x:x:x:x:x/0:Wildcard:id=0]]: TURN host lookup received error 0
[1008/171212.316:WARNING:turn_port.cc(826)] Port[b3f3a580:0:1:0:relay:Net[any:0:0:0:x:x:x:x:x/0:Wildcard:id=0]]: TURN host lookup received error 0
[1008/171212.317:WARNING:turn_port.cc(471)] Socket is bound to the address:127.0.0.x, rather than an address associated with network:Net[any:0.0.0.x/0:Wildcard:id=0]. Still allowing it since it's localhost.
[1008/171212.431:ERROR:stun_port.cc(76)] Binding error response: class=4 number=1 reason=Unauthorized
[1008/171213.467:WARNING:used_ids.h(55)] Duplicate id found. Reassigning from 104 to 127
[1008/171213.467:WARNING:used_ids.h(55)] Duplicate id found. Reassigning from 102 to 125
[1008/171213.467:WARNING:used_ids.h(55)] Duplicate id found. Reassigning from 104 to 124
[1008/171213.467:WARNING:used_ids.h(55)] Duplicate id found. Reassigning from 106 to 123
[1008/171213.467:WARNING:used_ids.h(55)] Duplicate id found. Reassigning from 110 to 122
[1008/171213.467:WARNING:used_ids.h(55)] Duplicate id found. Reassigning from 103 to 121
[1008/171213.467:WARNING:used_ids.h(55)] Duplicate id found. Reassigning from 105 to 120
[1008/171213.467:WARNING:used_ids.h(55)] Duplicate id found. Reassigning from 111 to 119
[1008/171213.619:WARNING:stun_port.cc(450)] Port[b3685280:0:1:0:local:Net[any:0:0:0:x:x:x:x:x/0:Wildcard:id=0]]: StunPort: stun host lookup received error 0
[1008/171213.655:WARNING:turn_port.cc(826)] Port[b3f42500:0:1:0:relay:Net[any:0:0:0:x:x:x:x:x/0:Wildcard:id=0]]: TURN host lookup received error 0
[1008/171213.655:WARNING:turn_port.cc(826)] Port[b3f42c80:0:1:0:relay:Net[any:0:0:0:x:x:x:x:x/0:Wildcard:id=0]]: TURN host lookup received error 0
[1008/171213.656:WARNING:turn_port.cc(471)] Socket is bound to the address:127.0.0.x, rather than an address associated with network:Net[any:0.0.0.x/0:Wildcard:id=0]. Still allowing it since it's localhost.
[1008/171213.773:ERROR:stun_port.cc(76)] Binding error response: class=4 number=1 reason=Unauthorized
[1008/171217.172:ERROR:ssl_client_socket_impl.cc(947)] handshake failed; returned -1, SSL error code 1, net_error -101
[1008/171218.483:ERROR:ssl_client_socket_impl.cc(947)] handshake failed; returned -1, SSL error code 1, net_error -101
